Using pre-set license
Built from '2021.3/staging' branch; Version is '2021.3.7f1 (24e8595d6d43) revision 2418777'; Using compiler version '192829333'; Build Type 'Release'
OS: 'Windows 10  (10.0.19044) 64bit CoreSingleLanguage' Language: 'ru' Physical Memory: 16227 MB
BatchMode: 1, IsHumanControllingUs: 0, StartBugReporterOnCrash: 0, Is64bit: 1, IsPro: 1

COMMAND LINE ARGUMENTS:
C:\Program Files\Unity\Hub\Editor\2021.3.7f1\Editor\Unity.exe
-adb2
-batchMode
-noUpm
-name
AssetImportWorker1
-projectPath
D:/Unity/My Unity Project/2D Platformer GB
-logFile
Logs/AssetImportWorker1.log
-srvPort
56322
Successfully changed project path to: D:/Unity/My Unity Project/2D Platformer GB
D:/Unity/My Unity Project/2D Platformer GB
[UnityMemory] Configuration Parameters - Can be set up in boot.config
    "memorysetup-bucket-allocator-granularity=16"
    "memorysetup-bucket-allocator-bucket-count=8"
    "memorysetup-bucket-allocator-block-size=33554432"
    "memorysetup-bucket-allocator-block-count=8"
    "memorysetup-main-allocator-block-size=16777216"
    "memorysetup-thread-allocator-block-size=16777216"
    "memorysetup-gfx-main-allocator-block-size=16777216"
    "memorysetup-gfx-thread-allocator-block-size=16777216"
    "memorysetup-cache-allocator-block-size=4194304"
    "memorysetup-typetree-allocator-block-size=2097152"
    "memorysetup-profiler-bucket-allocator-granularity=16"
    "memorysetup-profiler-bucket-allocator-bucket-count=8"
    "memorysetup-profiler-bucket-allocator-block-size=33554432"
    "memorysetup-profiler-bucket-allocator-block-count=8"
    "memorysetup-profiler-allocator-block-size=16777216"
    "memorysetup-profiler-editor-allocator-block-size=1048576"
    "memorysetup-temp-allocator-size-main=16777216"
    "memorysetup-job-temp-allocator-block-size=2097152"
    "memorysetup-job-temp-allocator-block-size-background=1048576"
    "memorysetup-job-temp-allocator-reduction-small-platforms=262144"
    "memorysetup-temp-allocator-size-background-worker=32768"
    "memorysetup-temp-allocator-size-job-worker=262144"
    "memorysetup-temp-allocator-size-preload-manager=33554432"
    "memorysetup-temp-allocator-size-nav-mesh-worker=65536"
    "memorysetup-temp-allocator-size-audio-worker=65536"
    "memorysetup-temp-allocator-size-cloud-worker=32768"
    "memorysetup-temp-allocator-size-gi-baking-worker=262144"
    "memorysetup-temp-allocator-size-gfx=262144"
Refreshing native plugins compatible for Editor in 95.86 ms, found 4 plugins.
Preloading 0 native plugins for Editor in 0.00 ms.
Initialize engine version: 2021.3.7f1 (24e8595d6d43)
[Subsystems] Discovering subsystems at path C:/Program Files/Unity/Hub/Editor/2021.3.7f1/Editor/Data/Resources/UnitySubsystems
[Subsystems] Discovering subsystems at path D:/Unity/My Unity Project/2D Platformer GB/Assets
GfxDevice: creating device client; threaded=0; jobified=0
Direct3D:
    Version:  Direct3D 11.0 [level 11.1]
    Renderer: NVIDIA GeForce GTX 1650 Ti (ID=0x1f95)
    Vendor:   NVIDIA
    VRAM:     3962 MB
    Driver:   27.21.14.6172
Initialize mono
Mono path[0] = 'C:/Program Files/Unity/Hub/Editor/2021.3.7f1/Editor/Data/Managed'
Mono path[1] = 'C:/Program Files/Unity/Hub/Editor/2021.3.7f1/Editor/Data/MonoBleedingEdge/lib/mono/unityjit-win32'
Mono config path = 'C:/Program Files/Unity/Hub/Editor/2021.3.7f1/Editor/Data/MonoBleedingEdge/etc'
Using monoOptions --debugger-agent=transport=dt_socket,embedding=1,server=y,suspend=n,address=127.0.0.1:56164
Begin MonoManager ReloadAssembly
Registering precompiled unity dll's ...
Register platform support module: C:/Program Files/Unity/Hub/Editor/2021.3.7f1/Editor/Data/PlaybackEngines/AndroidPlayer/UnityEditor.Android.Extensions.dll
Register platform support module: C:/Program Files/Unity/Hub/Editor/2021.3.7f1/Editor/Data/PlaybackEngines/iOSSupport/UnityEditor.iOS.Extensions.dll
Register platform support module: C:/Program Files/Unity/Hub/Editor/2021.3.7f1/Editor/Data/PlaybackEngines/WindowsStandaloneSupport/UnityEditor.WindowsStandalone.Extensions.dll
Register platform support module: C:/Program Files/Unity/Hub/Editor/2021.3.7f1/Editor/Data/PlaybackEngines/MetroSupport/UnityEditor.UWP.Extensions.dll
Registered in 0.009263 seconds.
Native extension for UWP target not found
Native extension for WindowsStandalone target not found
[usbmuxd] Start listen thread
[usbmuxd] Listen thread started
[usbmuxd] Send listen message
Native extension for iOS target not found
Native extension for Android target not found
Refreshing native plugins compatible for Editor in 105.43 ms, found 4 plugins.
Preloading 0 native plugins for Editor in 0.00 ms.
Mono: successfully reloaded assembly
- Completed reload, in  0.754 seconds
Domain Reload Profiling:
	ReloadAssembly (754ms)
		BeginReloadAssembly (74ms)
			ExecutionOrderSort (0ms)
			DisableScriptedObjects (0ms)
			BackupInstance (0ms)
			ReleaseScriptingObjects (0ms)
			CreateAndSetChildDomain (1ms)
		EndReloadAssembly (565ms)
			LoadAssemblies (72ms)
			RebuildTransferFunctionScriptingTraits (0ms)
			SetupTypeCache (106ms)
			ReleaseScriptCaches (0ms)
			RebuildScriptCaches (35ms)
			SetupLoadedEditorAssemblies (371ms)
				LogAssemblyErrors (0ms)
				InitializePlatformSupportModulesInManaged (57ms)
				SetLoadedEditorAssemblies (0ms)
				RefreshPlugins (106ms)
				BeforeProcessingInitializeOnLoad (2ms)
				ProcessInitializeOnLoadAttributes (155ms)
				ProcessInitializeOnLoadMethodAttributes (51ms)
				AfterProcessingInitializeOnLoad (0ms)
				EditorAssembliesLoaded (0ms)
			ExecutionOrderSort2 (0ms)
			AwakeInstancesAfterBackupRestoration (0ms)
Platform modules already initialized, skipping
Registering precompiled user dll's ...
Registered in 0.005173 seconds.
Begin MonoManager ReloadAssembly
Symbol file LoadedFromMemory doesn't match image D:\Unity\My Unity Project\2D Platformer GB\Library\PackageCache\com.unity.visualscripting@1.7.8\Editor\VisualScripting.Core\Dependencies\YamlDotNet\Unity.VisualScripting.YamlDotNet.dll
Symbol file LoadedFromMemory doesn't match image D:\Unity\My Unity Project\2D Platformer GB\Library\PackageCache\com.unity.visualscripting@1.7.8\Editor\VisualScripting.Core\Dependencies\DotNetZip\Unity.VisualScripting.IonicZip.dll
Native extension for UWP target not found
Native extension for WindowsStandalone target not found
Native extension for iOS target not found
Native extension for Android target not found
Refreshing native plugins compatible for Editor in 107.45 ms, found 4 plugins.
Preloading 0 native plugins for Editor in 0.00 ms.
Mono: successfully reloaded assembly
- Completed reload, in  1.371 seconds
Domain Reload Profiling:
	ReloadAssembly (1372ms)
		BeginReloadAssembly (129ms)
			ExecutionOrderSort (0ms)
			DisableScriptedObjects (7ms)
			BackupInstance (0ms)
			ReleaseScriptingObjects (0ms)
			CreateAndSetChildDomain (22ms)
		EndReloadAssembly (1109ms)
			LoadAssemblies (127ms)
			RebuildTransferFunctionScriptingTraits (0ms)
			SetupTypeCache (294ms)
			ReleaseScriptCaches (1ms)
			RebuildScriptCaches (78ms)
			SetupLoadedEditorAssemblies (569ms)
				LogAssemblyErrors (0ms)
				InitializePlatformSupportModulesInManaged (26ms)
				SetLoadedEditorAssemblies (0ms)
				RefreshPlugins (108ms)
				BeforeProcessingInitializeOnLoad (129ms)
				ProcessInitializeOnLoadAttributes (239ms)
				ProcessInitializeOnLoadMethodAttributes (58ms)
				AfterProcessingInitializeOnLoad (8ms)
				EditorAssembliesLoaded (0ms)
			ExecutionOrderSort2 (0ms)
			AwakeInstancesAfterBackupRestoration (5ms)
Platform modules already initialized, skipping
========================================================================
Worker process is ready to serve import requests
Launched and connected shader compiler UnityShaderCompiler.exe after 0.05 seconds
Refreshing native plugins compatible for Editor in 0.65 ms, found 4 plugins.
Preloading 0 native plugins for Editor in 0.00 ms.
Unloading 4066 Unused Serialized files (Serialized files now loaded: 0)
Unloading 44 unused Assets / (222.2 KB). Loaded Objects now: 4518.
Memory consumption went from 151.3 MB to 151.1 MB.
Total: 3.666200 ms (FindLiveObjects: 0.380200 ms CreateObjectMapping: 0.250900 ms MarkObjects: 2.900000 ms  DeleteObjects: 0.134500 ms)

AssetImportParameters requested are different than current active one (requested -> active):
  custom:video-decoder-ogg-theora: a1e56fd34408186e4bbccfd4996cb3dc -> 
  custom:container-muxer-webm: aa71ff27fc2769a1b78a27578f13a17b -> 
  custom:container-demuxer-webm: 4f35f7cbe854078d1ac9338744f61a02 -> 
  custom:video-encoder-webm-vp8: eb34c28f22e8b96e1ab97ce403110664 -> 
  custom:audio-encoder-webm-vorbis: bf7c407c2cedff20999df2af8eb42d56 -> 
  custom:framework-win-MediaFoundation: 216162199b28c13a410421893ffa2e32 -> 
  custom:container-demuxer-ogg: 62fdf1f143b41e24485cea50d1cbac27 -> 
  custom:video-decoder-webm-vp8: 9c59270c3fd7afecdb556c50c9e8de78 -> 
  custom:audio-decoder-ogg-vorbis: bf7c407c2cedff20999df2af8eb42d56 -> 
========================================================================
Received Import Request.
  Time since last request: 527797.330868 seconds.
  path: Assets/Gothicvania-Town/Art/Environment/Background/middleground.png
  artifactKey: Guid(18d15b4b582144993b910b1470865a1d) Importer(815301076,1909f56bfc062723c751e8b465ee728b)
Start importing Assets/Gothicvania-Town/Art/Environment/Background/middleground.png using Guid(18d15b4b582144993b910b1470865a1d) Importer(815301076,1909f56bfc062723c751e8b465ee728b)  -> (artifact id: 'fcba5bb8bdff62651df2398bd186b47a') in 0.156466 seconds 
========================================================================
Received Import Request.
  Time since last request: 0.000029 seconds.
  path: Assets/Gothicvania-Town/Art/Environment/Background/background.png
  artifactKey: Guid(5680c1a9719b046e0bc08d861902f606) Importer(815301076,1909f56bfc062723c751e8b465ee728b)
Start importing Assets/Gothicvania-Town/Art/Environment/Background/background.png using Guid(5680c1a9719b046e0bc08d861902f606) Importer(815301076,1909f56bfc062723c751e8b465ee728b)  -> (artifact id: 'e232e2d4d03a27cf3d976ff656d65f55') in 0.018350 seconds 
========================================================================
Received Import Request.
  Time since last request: 2.265078 seconds.
  path: Assets/Gothicvania-Town/Art/Environment/props-sliced/crate-stack.png
  artifactKey: Guid(5511879193aae49419cd6daa384e4e0e) Importer(815301076,1909f56bfc062723c751e8b465ee728b)
Start importing Assets/Gothicvania-Town/Art/Environment/props-sliced/crate-stack.png using Guid(5511879193aae49419cd6daa384e4e0e) Importer(815301076,1909f56bfc062723c751e8b465ee728b)  -> (artifact id: 'a6b85ce7c3d33c2c2b2f164544e8884a') in 0.016861 seconds 
========================================================================
Received Import Request.
  Time since last request: 0.000018 seconds.
  path: Assets/Gothicvania-Town/Art/Environment/props-sliced/house-a.png
  artifactKey: Guid(e34f46576eb1e4320b39165bb67ebbfc) Importer(815301076,1909f56bfc062723c751e8b465ee728b)
Start importing Assets/Gothicvania-Town/Art/Environment/props-sliced/house-a.png using Guid(e34f46576eb1e4320b39165bb67ebbfc) Importer(815301076,1909f56bfc062723c751e8b465ee728b)  -> (artifact id: 'da2861f90c48ea17c50d0c030015fb57') in 0.019711 seconds 
========================================================================
Received Import Request.
  Time since last request: 0.000017 seconds.
  path: Assets/Gothicvania-Town/Art/Environment/props-sliced/house-c.png
  artifactKey: Guid(2918541d5830b40ff9298093228c04f6) Importer(815301076,1909f56bfc062723c751e8b465ee728b)
Start importing Assets/Gothicvania-Town/Art/Environment/props-sliced/house-c.png using Guid(2918541d5830b40ff9298093228c04f6) Importer(815301076,1909f56bfc062723c751e8b465ee728b)  -> (artifact id: '39fd474b97cb0ec435ef48bd4ae5ab1c') in 0.018466 seconds 
========================================================================
Received Import Request.
  Time since last request: 0.000020 seconds.
  path: Assets/Gothicvania-Town/Art/Environment/props-sliced/house-b.png
  artifactKey: Guid(fa534a63c52e442fab833f8c4c218610) Importer(815301076,1909f56bfc062723c751e8b465ee728b)
Start importing Assets/Gothicvania-Town/Art/Environment/props-sliced/house-b.png using Guid(fa534a63c52e442fab833f8c4c218610) Importer(815301076,1909f56bfc062723c751e8b465ee728b)  -> (artifact id: 'cff3e866e0fcd772d14045e5d1bb0bc0') in 0.039308 seconds 
========================================================================
Received Import Request.
  Time since last request: 0.000016 seconds.
  path: Assets/Gothicvania-Town/Art/Environment/props-sliced/sign.png
  artifactKey: Guid(799dd867b58aa4efd917360b1747174a) Importer(815301076,1909f56bfc062723c751e8b465ee728b)
Start importing Assets/Gothicvania-Town/Art/Environment/props-sliced/sign.png using Guid(799dd867b58aa4efd917360b1747174a) Importer(815301076,1909f56bfc062723c751e8b465ee728b)  -> (artifact id: 'd3e734da0b1123eedf602fb969a9ad1d') in 0.012934 seconds 
========================================================================
Received Import Request.
  Time since last request: 0.000027 seconds.
  path: Assets/Gothicvania-Town/Art/Environment/props-sliced/well.png
  artifactKey: Guid(1dd5993292b954a53aae9df281d0a930) Importer(815301076,1909f56bfc062723c751e8b465ee728b)
Start importing Assets/Gothicvania-Town/Art/Environment/props-sliced/well.png using Guid(1dd5993292b954a53aae9df281d0a930) Importer(815301076,1909f56bfc062723c751e8b465ee728b)  -> (artifact id: 'e4e049d47eba1189ad958cd47599f5a5') in 0.013993 seconds 
========================================================================
Received Import Request.
  Time since last request: 10.692194 seconds.
  path: Assets/Gothicvania-Town/Art/Environment/sliced-tileset/ground-right-corner.png
  artifactKey: Guid(73bf59460e67f499ea715394227198d4) Importer(815301076,1909f56bfc062723c751e8b465ee728b)
Start importing Assets/Gothicvania-Town/Art/Environment/sliced-tileset/ground-right-corner.png using Guid(73bf59460e67f499ea715394227198d4) Importer(815301076,1909f56bfc062723c751e8b465ee728b)  -> (artifact id: '952d1e9dd0c0a65b6eeb84437d5c006a') in 0.022463 seconds 
========================================================================
Received Import Request.
  Time since last request: 0.000018 seconds.
  path: Assets/Gothicvania-Town/Art/Environment/sliced-tileset/right-roof.png
  artifactKey: Guid(8fda6f3fa68a04d50868eac837501e62) Importer(815301076,1909f56bfc062723c751e8b465ee728b)
Start importing Assets/Gothicvania-Town/Art/Environment/sliced-tileset/right-roof.png using Guid(8fda6f3fa68a04d50868eac837501e62) Importer(815301076,1909f56bfc062723c751e8b465ee728b)  -> (artifact id: '4cf10ce24293087c6fd521d9b06b1e26') in 0.011216 seconds 
========================================================================
Received Import Request.
  Time since last request: 0.000025 seconds.
  path: Assets/Gothicvania-Town/Art/Environment/sliced-tileset/wood-legs.png
  artifactKey: Guid(d6f3eaee1d2e043658f43a5ae7600886) Importer(815301076,1909f56bfc062723c751e8b465ee728b)
Start importing Assets/Gothicvania-Town/Art/Environment/sliced-tileset/wood-legs.png using Guid(d6f3eaee1d2e043658f43a5ae7600886) Importer(815301076,1909f56bfc062723c751e8b465ee728b)  -> (artifact id: '0bd4ad747365552de997348755cab9df') in 0.018070 seconds 
========================================================================
Received Import Request.
  Time since last request: 0.000017 seconds.
  path: Assets/Gothicvania-Town/Art/Environment/sliced-tileset/stairs-wall-mirror-right.png
  artifactKey: Guid(a15be16791e2a4bf9926da9c40933bf3) Importer(815301076,1909f56bfc062723c751e8b465ee728b)
Start importing Assets/Gothicvania-Town/Art/Environment/sliced-tileset/stairs-wall-mirror-right.png using Guid(a15be16791e2a4bf9926da9c40933bf3) Importer(815301076,1909f56bfc062723c751e8b465ee728b)  -> (artifact id: '1221388e759f81bcd2344b21e72ac7fa') in 0.013267 seconds 
========================================================================
Received Import Request.
  Time since last request: 0.000020 seconds.
  path: Assets/Gothicvania-Town/Art/Environment/sliced-tileset/top-wood.png
  artifactKey: Guid(ff6ad7f0b84f646e5a733fe95155c65f) Importer(815301076,1909f56bfc062723c751e8b465ee728b)
Start importing Assets/Gothicvania-Town/Art/Environment/sliced-tileset/top-wood.png using Guid(ff6ad7f0b84f646e5a733fe95155c65f) Importer(815301076,1909f56bfc062723c751e8b465ee728b)  -> (artifact id: 'a3a7dc560495abcbb320404e5e56e60f') in 0.012646 seconds 
========================================================================
Received Import Request.
  Time since last request: 0.000022 seconds.
  path: Assets/Gothicvania-Town/Art/Environment/sliced-tileset/stairs-wall-right.png
  artifactKey: Guid(8dabf977c81c04dff9a660aa781786e0) Importer(815301076,1909f56bfc062723c751e8b465ee728b)
Start importing Assets/Gothicvania-Town/Art/Environment/sliced-tileset/stairs-wall-right.png using Guid(8dabf977c81c04dff9a660aa781786e0) Importer(815301076,1909f56bfc062723c751e8b465ee728b)  -> (artifact id: 'd8e98e1dcb677eb08ecc6ab602d165b3') in 0.024625 seconds 
========================================================================
Received Import Request.
  Time since last request: 0.000018 seconds.
  path: Assets/Gothicvania-Town/Art/Environment/sliced-tileset/window-bars.png
  artifactKey: Guid(6c065a0a39cdb40e1903a66cd5c58495) Importer(815301076,1909f56bfc062723c751e8b465ee728b)
Start importing Assets/Gothicvania-Town/Art/Environment/sliced-tileset/window-bars.png using Guid(6c065a0a39cdb40e1903a66cd5c58495) Importer(815301076,1909f56bfc062723c751e8b465ee728b)  -> (artifact id: '0ee87555349fc4dd909b7bcd975740d4') in 0.012471 seconds 
========================================================================
Received Import Request.
  Time since last request: 0.000030 seconds.
  path: Assets/Gothicvania-Town/Art/Environment/sliced-tileset/left-slope.png
  artifactKey: Guid(228689837deea4e14959af26c5733d51) Importer(815301076,1909f56bfc062723c751e8b465ee728b)
Start importing Assets/Gothicvania-Town/Art/Environment/sliced-tileset/left-slope.png using Guid(228689837deea4e14959af26c5733d51) Importer(815301076,1909f56bfc062723c751e8b465ee728b)  -> (artifact id: '16fa36bc2f61708786e919199656944e') in 0.011897 seconds 
========================================================================
Received Import Request.
  Time since last request: 0.000034 seconds.
  path: Assets/Gothicvania-Town/Art/Environment/sliced-tileset/right-corner.png
  artifactKey: Guid(af4e3be53e9b641998a9eace67f71d7c) Importer(815301076,1909f56bfc062723c751e8b465ee728b)
Start importing Assets/Gothicvania-Town/Art/Environment/sliced-tileset/right-corner.png using Guid(af4e3be53e9b641998a9eace67f71d7c) Importer(815301076,1909f56bfc062723c751e8b465ee728b)  -> (artifact id: '2192fbf003f58fbab1992e1ca445bbef') in 0.012485 seconds 
========================================================================
Received Import Request.
  Time since last request: 0.000020 seconds.
  path: Assets/Gothicvania-Town/Art/Environment/sliced-tileset/right-slope.png
  artifactKey: Guid(4d13833fd678a4265943ba79b9ae94d2) Importer(815301076,1909f56bfc062723c751e8b465ee728b)
Start importing Assets/Gothicvania-Town/Art/Environment/sliced-tileset/right-slope.png using Guid(4d13833fd678a4265943ba79b9ae94d2) Importer(815301076,1909f56bfc062723c751e8b465ee728b)  -> (artifact id: 'fac355e40c1cad27ab1321528f98a0d7') in 0.014275 seconds 
========================================================================
Received Import Request.
  Time since last request: 0.000049 seconds.
  path: Assets/Gothicvania-Town/Art/Environment/sliced-tileset/ground-shadow.png
  artifactKey: Guid(cfbbc8ea170d049b4af2fe5fc2088c48) Importer(815301076,1909f56bfc062723c751e8b465ee728b)
Start importing Assets/Gothicvania-Town/Art/Environment/sliced-tileset/ground-shadow.png using Guid(cfbbc8ea170d049b4af2fe5fc2088c48) Importer(815301076,1909f56bfc062723c751e8b465ee728b)  -> (artifact id: 'c97f767fdff88298b4875290bc526839') in 0.012952 seconds 
========================================================================
Received Import Request.
  Time since last request: 0.000017 seconds.
  path: Assets/Gothicvania-Town/Art/Environment/sliced-tileset/left-corner.png
  artifactKey: Guid(5325b0fc3a1f8464d914476f2545067a) Importer(815301076,1909f56bfc062723c751e8b465ee728b)
Start importing Assets/Gothicvania-Town/Art/Environment/sliced-tileset/left-corner.png using Guid(5325b0fc3a1f8464d914476f2545067a) Importer(815301076,1909f56bfc062723c751e8b465ee728b)  -> (artifact id: 'cf55a02f56ab6cac6fbea3c5e4e3135b') in 0.016556 seconds 
========================================================================
Received Import Request.
  Time since last request: 46.958885 seconds.
  path: Assets/Gothicvania-Town/Art/Sprites/bearded-idle/bearded-idle-3.png
  artifactKey: Guid(e5d48ddba917147d4984d60c82de0138) Importer(815301076,1909f56bfc062723c751e8b465ee728b)
Start importing Assets/Gothicvania-Town/Art/Sprites/bearded-idle/bearded-idle-3.png using Guid(e5d48ddba917147d4984d60c82de0138) Importer(815301076,1909f56bfc062723c751e8b465ee728b)  -> (artifact id: '2252f6574b8ebf69500c25b213ce3a18') in 0.012820 seconds 
========================================================================
Received Import Request.
  Time since last request: 0.000017 seconds.
  path: Assets/Gothicvania-Town/Art/Sprites/bearded-idle/bearded-idle-4.png
  artifactKey: Guid(b7c237ced05de4c44a8337e4c9d5da9f) Importer(815301076,1909f56bfc062723c751e8b465ee728b)
Start importing Assets/Gothicvania-Town/Art/Sprites/bearded-idle/bearded-idle-4.png using Guid(b7c237ced05de4c44a8337e4c9d5da9f) Importer(815301076,1909f56bfc062723c751e8b465ee728b)  -> (artifact id: 'd9b22d22ff996320fc9c16f2d2ca73f7') in 0.015482 seconds 
========================================================================
Received Import Request.
  Time since last request: 129.134190 seconds.
  path: Assets/Gothicvania-Town/Art/Sprites/bearded-walk/bearded-walk-2.png
  artifactKey: Guid(dec23d3f1b157493ea928ad647f275c2) Importer(815301076,1909f56bfc062723c751e8b465ee728b)
Start importing Assets/Gothicvania-Town/Art/Sprites/bearded-walk/bearded-walk-2.png using Guid(dec23d3f1b157493ea928ad647f275c2) Importer(815301076,1909f56bfc062723c751e8b465ee728b)  -> (artifact id: 'fb54f8800b82d5fe62ea1d352623b12e') in 0.048891 seconds 
========================================================================
Received Import Request.
  Time since last request: 0.000019 seconds.
  path: Assets/Gothicvania-Town/Art/Sprites/bearded-walk/bearded-walk-6.png
  artifactKey: Guid(35140b321bc564c93876fe5a7bb532dc) Importer(815301076,1909f56bfc062723c751e8b465ee728b)
Start importing Assets/Gothicvania-Town/Art/Sprites/bearded-walk/bearded-walk-6.png using Guid(35140b321bc564c93876fe5a7bb532dc) Importer(815301076,1909f56bfc062723c751e8b465ee728b)  -> (artifact id: '35cfc45e12240be389b4ce126860b914') in 0.019123 seconds 
========================================================================
Received Import Request.
  Time since last request: 0.000022 seconds.
  path: Assets/Gothicvania-Town/Art/Sprites/bearded-walk/bearded-walk-5.png
  artifactKey: Guid(b0b63da2b52704d65a05fb59f335baf3) Importer(815301076,1909f56bfc062723c751e8b465ee728b)
Start importing Assets/Gothicvania-Town/Art/Sprites/bearded-walk/bearded-walk-5.png using Guid(b0b63da2b52704d65a05fb59f335baf3) Importer(815301076,1909f56bfc062723c751e8b465ee728b)  -> (artifact id: '38606b016ef6fbcdfc7a91d129285b31') in 0.013923 seconds 
========================================================================
Received Import Request.
  Time since last request: 1.827455 seconds.
  path: Assets/Gothicvania-Town/Art/Sprites/hat-man-idle/hat-man-idle-2.png
  artifactKey: Guid(d7886951770614509b79fc9c1bdb69b1) Importer(815301076,1909f56bfc062723c751e8b465ee728b)
Start importing Assets/Gothicvania-Town/Art/Sprites/hat-man-idle/hat-man-idle-2.png using Guid(d7886951770614509b79fc9c1bdb69b1) Importer(815301076,1909f56bfc062723c751e8b465ee728b)  -> (artifact id: 'cffb609410b26c9c55513b7ff048fdf0') in 0.014545 seconds 
========================================================================
Received Import Request.
  Time since last request: 0.000022 seconds.
  path: Assets/Gothicvania-Town/Art/Sprites/hat-man-idle/hat-man-idle-3.png
  artifactKey: Guid(39138034d63f44666a7ea1bf273eda08) Importer(815301076,1909f56bfc062723c751e8b465ee728b)
Start importing Assets/Gothicvania-Town/Art/Sprites/hat-man-idle/hat-man-idle-3.png using Guid(39138034d63f44666a7ea1bf273eda08) Importer(815301076,1909f56bfc062723c751e8b465ee728b)  -> (artifact id: '9311da6999ac7e10473c4ab472358ffb') in 0.013021 seconds 
========================================================================
Received Import Request.
  Time since last request: 0.824925 seconds.
  path: Assets/Gothicvania-Town/Art/Sprites/hat-man-walk/hat-man-walk-2.png
  artifactKey: Guid(36ef399a34e1d4d6e9fafe520195effc) Importer(815301076,1909f56bfc062723c751e8b465ee728b)
Start importing Assets/Gothicvania-Town/Art/Sprites/hat-man-walk/hat-man-walk-2.png using Guid(36ef399a34e1d4d6e9fafe520195effc) Importer(815301076,1909f56bfc062723c751e8b465ee728b)  -> (artifact id: '4560ad7acd26ef336ea38f4ebed0c7af') in 0.017235 seconds 
========================================================================
Received Import Request.
  Time since last request: 0.000020 seconds.
  path: Assets/Gothicvania-Town/Art/Sprites/hat-man-walk/hat-man-walk-5.png
  artifactKey: Guid(78be1d6bc5e4b405f97d09ff5db0addd) Importer(815301076,1909f56bfc062723c751e8b465ee728b)
Start importing Assets/Gothicvania-Town/Art/Sprites/hat-man-walk/hat-man-walk-5.png using Guid(78be1d6bc5e4b405f97d09ff5db0addd) Importer(815301076,1909f56bfc062723c751e8b465ee728b)  -> (artifact id: '1d15f321dd3a54f4ec0f329b55801d7e') in 0.014328 seconds 
========================================================================
Received Import Request.
  Time since last request: 0.000032 seconds.
  path: Assets/Gothicvania-Town/Art/Sprites/hat-man-walk/hat-man-walk-3.png
  artifactKey: Guid(90314b7c7aa62414ab04cd73b8033c58) Importer(815301076,1909f56bfc062723c751e8b465ee728b)
Start importing Assets/Gothicvania-Town/Art/Sprites/hat-man-walk/hat-man-walk-3.png using Guid(90314b7c7aa62414ab04cd73b8033c58) Importer(815301076,1909f56bfc062723c751e8b465ee728b)  -> (artifact id: '12c844ddcfcf296f91cb9b192121cf0b') in 0.008656 seconds 
========================================================================
Received Import Request.
  Time since last request: 1.142276 seconds.
  path: Assets/Gothicvania-Town/Art/Sprites/oldman-idle/oldman-idle-2.png
  artifactKey: Guid(1d93796b9d2f54fc1919e13f6f19a33c) Importer(815301076,1909f56bfc062723c751e8b465ee728b)
Start importing Assets/Gothicvania-Town/Art/Sprites/oldman-idle/oldman-idle-2.png using Guid(1d93796b9d2f54fc1919e13f6f19a33c) Importer(815301076,1909f56bfc062723c751e8b465ee728b)  -> (artifact id: '2c3cabd6c33e1023d246d265e16d8538') in 0.015501 seconds 
========================================================================
Received Import Request.
  Time since last request: 0.000016 seconds.
  path: Assets/Gothicvania-Town/Art/Sprites/oldman-idle/oldman-idle-7.png
  artifactKey: Guid(9750692bf14f846dba295a4de247f095) Importer(815301076,1909f56bfc062723c751e8b465ee728b)
Start importing Assets/Gothicvania-Town/Art/Sprites/oldman-idle/oldman-idle-7.png using Guid(9750692bf14f846dba295a4de247f095) Importer(815301076,1909f56bfc062723c751e8b465ee728b)  -> (artifact id: 'c6804bcf342af964acc041f086eebaa4') in 0.015701 seconds 
========================================================================
Received Import Request.
  Time since last request: 0.000018 seconds.
  path: Assets/Gothicvania-Town/Art/Sprites/oldman-idle/oldman-idle-8.png
  artifactKey: Guid(df829da9f5dcc433b84808a69d2fdbad) Importer(815301076,1909f56bfc062723c751e8b465ee728b)
Start importing Assets/Gothicvania-Town/Art/Sprites/oldman-idle/oldman-idle-8.png using Guid(df829da9f5dcc433b84808a69d2fdbad) Importer(815301076,1909f56bfc062723c751e8b465ee728b)  -> (artifact id: '876babfc857426dc296440f2f72b2c92') in 0.012092 seconds 
========================================================================
Received Import Request.
  Time since last request: 2.928100 seconds.
  path: Assets/Gothicvania-Town/Art/Sprites/oldman-walk/oldman-walk-2.png
  artifactKey: Guid(ec34c9f71877249d7b1c48c192371ca8) Importer(815301076,1909f56bfc062723c751e8b465ee728b)
Start importing Assets/Gothicvania-Town/Art/Sprites/oldman-walk/oldman-walk-2.png using Guid(ec34c9f71877249d7b1c48c192371ca8) Importer(815301076,1909f56bfc062723c751e8b465ee728b)  -> (artifact id: '189885572335ec62114d5d5da4618c0d') in 0.016445 seconds 
========================================================================
Received Import Request.
  Time since last request: 0.000020 seconds.
  path: Assets/Gothicvania-Town/Art/Sprites/oldman-walk/oldman-walk-6.png
  artifactKey: Guid(873b78c6aa8bd415695c21295f0021e5) Importer(815301076,1909f56bfc062723c751e8b465ee728b)
Start importing Assets/Gothicvania-Town/Art/Sprites/oldman-walk/oldman-walk-6.png using Guid(873b78c6aa8bd415695c21295f0021e5) Importer(815301076,1909f56bfc062723c751e8b465ee728b)  -> (artifact id: 'a5a15071f583f1f75a2755c8999cf656') in 0.010372 seconds 
========================================================================
Received Import Request.
  Time since last request: 0.000019 seconds.
  path: Assets/Gothicvania-Town/Art/Sprites/oldman-walk/oldman-walk-10.png
  artifactKey: Guid(5ad32c72d858344c0a186491d8470c13) Importer(815301076,1909f56bfc062723c751e8b465ee728b)
Start importing Assets/Gothicvania-Town/Art/Sprites/oldman-walk/oldman-walk-10.png using Guid(5ad32c72d858344c0a186491d8470c13) Importer(815301076,1909f56bfc062723c751e8b465ee728b)  -> (artifact id: '086485b32c74da17dce6b7a5b268dd88') in 0.012145 seconds 
========================================================================
Received Import Request.
  Time since last request: 0.000034 seconds.
  path: Assets/Gothicvania-Town/Art/Sprites/oldman-walk/oldman-walk-4.png
  artifactKey: Guid(d136262f870d643ae973d5fc3eb3cb5c) Importer(815301076,1909f56bfc062723c751e8b465ee728b)
Start importing Assets/Gothicvania-Town/Art/Sprites/oldman-walk/oldman-walk-4.png using Guid(d136262f870d643ae973d5fc3eb3cb5c) Importer(815301076,1909f56bfc062723c751e8b465ee728b)  -> (artifact id: '6605397ae08891273146e4ee49e633ea') in 0.013914 seconds 
========================================================================
Received Import Request.
  Time since last request: 0.098034 seconds.
  path: Assets/Gothicvania-Town/Art/Sprites/woman-idle/woman-idle-2.png
  artifactKey: Guid(b8cf87ad419e444109e876f5bd7664fc) Importer(815301076,1909f56bfc062723c751e8b465ee728b)
Start importing Assets/Gothicvania-Town/Art/Sprites/woman-idle/woman-idle-2.png using Guid(b8cf87ad419e444109e876f5bd7664fc) Importer(815301076,1909f56bfc062723c751e8b465ee728b)  -> (artifact id: 'ee27067b060ec8f617469718e2829298') in 0.017074 seconds 
========================================================================
Received Import Request.
  Time since last request: 0.000019 seconds.
  path: Assets/Gothicvania-Town/Art/Sprites/woman-idle/woman-idle-5.png
  artifactKey: Guid(e1eceae9a396141fdabdbc6e2b3e9ba8) Importer(815301076,1909f56bfc062723c751e8b465ee728b)
Start importing Assets/Gothicvania-Town/Art/Sprites/woman-idle/woman-idle-5.png using Guid(e1eceae9a396141fdabdbc6e2b3e9ba8) Importer(815301076,1909f56bfc062723c751e8b465ee728b)  -> (artifact id: 'a3549320ab30a479ec95f558cacc4d3f') in 0.014627 seconds 
========================================================================
Received Import Request.
  Time since last request: 1.038996 seconds.
  path: Assets/Gothicvania-Town/Art/Sprites/woman-walk/woman-walk-2.png
  artifactKey: Guid(cbffcc849feea4090b7ad074cbb72a44) Importer(815301076,1909f56bfc062723c751e8b465ee728b)
Start importing Assets/Gothicvania-Town/Art/Sprites/woman-walk/woman-walk-2.png using Guid(cbffcc849feea4090b7ad074cbb72a44) Importer(815301076,1909f56bfc062723c751e8b465ee728b)  -> (artifact id: '842f0986d20813a572279da3c5c75fe5') in 0.016337 seconds 
========================================================================
Received Import Request.
  Time since last request: 0.000015 seconds.
  path: Assets/Gothicvania-Town/Art/Sprites/woman-walk/woman-walk-4.png
  artifactKey: Guid(3da936c9885934ffb808a9f5e4b05d5e) Importer(815301076,1909f56bfc062723c751e8b465ee728b)
Start importing Assets/Gothicvania-Town/Art/Sprites/woman-walk/woman-walk-4.png using Guid(3da936c9885934ffb808a9f5e4b05d5e) Importer(815301076,1909f56bfc062723c751e8b465ee728b)  -> (artifact id: '8381c057882c24e9f688d9abb43eab02') in 0.014204 seconds 
Editor requested this worker to shutdown with reason: Scaling down because of idle timeout
AssetImportWorker is now disconnected from the server
Process exiting
Exiting without the bug reporter. Application will terminate with return code 0